<?xml version="1.0" encoding="UTF-8"?>
<!-- Generated by org.testng.reporters.JUnitReportReporter -->
<testsuite hostname="HarshadD-PC" failures="0" tests="3" name="AceInvoice.SignIn" time="8.134" errors="0" timestamp="2019-09-10T19:42:04 IST" skipped="0">
  <testcase classname="AceInvoice.SignIn" name="signIn" time="2.953"/>
  <testcase classname="AceInvoice.SignIn" name="CreateAccount" time="3.604"/>
  <testcase classname="AceInvoice.SignIn" name="verifyAccount" time="1.577"/>
</testsuite> <!-- AceInvoice.SignIn -->
