<?xml version="1.0" encoding="UTF-8"?>
<!-- Generated by org.testng.reporters.JUnitReportReporter -->
<testsuite hostname="HarshadD-PC" failures="0" tests="3" name="AceInvoice.SignIn" time="9.042" errors="0" timestamp="2019-09-13T18:39:45 IST" skipped="0">
  <testcase classname="AceInvoice.SignIn" name="signIn" time="3.102"/>
  <testcase classname="AceInvoice.SignIn" name="CreateAccount" time="4.514"/>
  <testcase classname="AceInvoice.SignIn" name="verifyAccount" time="1.426"/>
</testsuite> <!-- AceInvoice.SignIn -->
