<?xml version="1.0" encoding="UTF-8"?>
<!-- Generated by org.testng.reporters.JUnitReportReporter -->
<testsuite hostname="HarshadD-PC" failures="0" tests="3" name="AceInvoice.SignIn" time="12.746" errors="0" timestamp="2019-09-13T18:31:39 IST" skipped="0">
  <testcase classname="AceInvoice.SignIn" name="signIn" time="4.719"/>
  <testcase classname="AceInvoice.SignIn" name="CreateAccount" time="6.232"/>
  <testcase classname="AceInvoice.SignIn" name="verifyAccount" time="1.795"/>
</testsuite> <!-- AceInvoice.SignIn -->
